<?xml version="1.0" encoding="UTF-8"?>
<testsuite xmlns:xsi="http://www.w3.org/2001/XMLSchema-instance" xsi:noNamespaceSchemaLocation="https://maven.apache.org/surefire/maven-surefire-plugin/xsd/surefire-test-report.xsd" name="io.sithroo.aoc.accounts.AccountFeatureTest" time="1.864" tests="6" errors="0" skipped="0" failures="0">
  <properties>
    <property name="awt.toolkit" value="sun.lwawt.macosx.LWCToolkit"/>
    <property name="java.specification.version" value="12"/>
    <property name="sun.jnu.encoding" value="UTF-8"/>
    <property name="java.class.path" value="/Users/pradeeppeiris/Dev/SpringBoot/american-orange-cadillac/integration-test/target/test-classes:/Users/pradeeppeiris/Dev/SpringBoot/american-orange-cadillac/integration-test/target/classes:/Users/pradeeppeiris/.m2/repository/io/sithroo/aoc/commons/1.0-SNAPSHOT/commons-1.0-SNAPSHOT.jar:/Users/pradeeppeiris/.m2/repository/info/cukes/cucumber-java/1.2.5/cucumber-java-1.2.5.jar:/Users/pradeeppeiris/.m2/repository/info/cukes/cucumber-core/1.2.5/cucumber-core-1.2.5.jar:/Users/pradeeppeiris/.m2/repository/info/cukes/cucumber-html/0.2.3/cucumber-html-0.2.3.jar:/Users/pradeeppeiris/.m2/repository/info/cukes/cucumber-junit/1.2.5/cucumber-junit-1.2.5.jar:/Users/pradeeppeiris/.m2/repository/info/cukes/cucumber-picocontainer/1.2.5/cucumber-picocontainer-1.2.5.jar:/Users/pradeeppeiris/.m2/repository/info/cukes/cucumber-jvm-deps/1.0.5/cucumber-jvm-deps-1.0.5.jar:/Users/pradeeppeiris/.m2/repository/info/cukes/gherkin/2.12.2/gherkin-2.12.2.jar:/Users/pradeeppeiris/.m2/repository/org/picocontainer/picocontainer/2.15/picocontainer-2.15.jar:/Users/pradeeppeiris/.m2/repository/org/apache/httpcomponents/fluent-hc/4.5.3/fluent-hc-4.5.3.jar:/Users/pradeeppeiris/.m2/repository/org/apache/httpcomponents/httpclient/4.5.9/httpclient-4.5.9.jar:/Users/pradeeppeiris/.m2/repository/org/apache/httpcomponents/httpcore/4.4.12/httpcore-4.4.12.jar:/Users/pradeeppeiris/.m2/repository/commons-codec/commons-codec/1.11/commons-codec-1.11.jar:/Users/pradeeppeiris/.m2/repository/commons-logging/commons-logging/1.2/commons-logging-1.2.jar:/Users/pradeeppeiris/.m2/repository/junit/junit/4.12/junit-4.12.jar:/Users/pradeeppeiris/.m2/repository/org/hamcrest/hamcrest-core/1.3/hamcrest-core-1.3.jar:/Users/pradeeppeiris/.m2/repository/org/assertj/assertj-core/3.8.0/assertj-core-3.8.0.jar:/Users/pradeeppeiris/.m2/repository/com/fasterxml/jackson/core/jackson-core/2.8.9/jackson-core-2.8.9.jar:/Users/pradeeppeiris/.m2/repository/com/fasterxml/jackson/core/jackson-annotations/2.8.9/jackson-annotations-2.8.9.jar:/Users/pradeeppeiris/.m2/repository/com/fasterxml/jackson/core/jackson-databind/2.8.9/jackson-databind-2.8.9.jar:/Users/pradeeppeiris/.m2/repository/org/springframework/boot/spring-boot-starter-web/2.1.8.RELEASE/spring-boot-starter-web-2.1.8.RELEASE.jar:/Users/pradeeppeiris/.m2/repository/org/springframework/boot/spring-boot-starter/2.1.8.RELEASE/spring-boot-starter-2.1.8.RELEASE.jar:/Users/pradeeppeiris/.m2/repository/org/springframework/boot/spring-boot/2.1.8.RELEASE/spring-boot-2.1.8.RELEASE.jar:/Users/pradeeppeiris/.m2/repository/org/springframework/boot/spring-boot-autoconfigure/2.1.8.RELEASE/spring-boot-autoconfigure-2.1.8.RELEASE.jar:/Users/pradeeppeiris/.m2/repository/org/springframework/boot/spring-boot-starter-logging/2.1.8.RELEASE/spring-boot-starter-logging-2.1.8.RELEASE.jar:/Users/pradeeppeiris/.m2/repository/ch/qos/logback/logback-classic/1.2.3/logback-classic-1.2.3.jar:/Users/pradeeppeiris/.m2/repository/ch/qos/logback/logback-core/1.2.3/logback-core-1.2.3.jar:/Users/pradeeppeiris/.m2/repository/org/apache/logging/log4j/log4j-to-slf4j/2.11.2/log4j-to-slf4j-2.11.2.jar:/Users/pradeeppeiris/.m2/repository/org/apache/logging/log4j/log4j-api/2.11.2/log4j-api-2.11.2.jar:/Users/pradeeppeiris/.m2/repository/org/slf4j/jul-to-slf4j/1.7.28/jul-to-slf4j-1.7.28.jar:/Users/pradeeppeiris/.m2/repository/javax/annotation/javax.annotation-api/1.3.2/javax.annotation-api-1.3.2.jar:/Users/pradeeppeiris/.m2/repository/org/yaml/snakeyaml/1.23/snakeyaml-1.23.jar:/Users/pradeeppeiris/.m2/repository/org/springframework/boot/spring-boot-starter-json/2.1.8.RELEASE/spring-boot-starter-json-2.1.8.RELEASE.jar:/Users/pradeeppeiris/.m2/repository/com/fasterxml/jackson/datatype/jackson-datatype-jdk8/2.9.9/jackson-datatype-jdk8-2.9.9.jar:/Users/pradeeppeiris/.m2/repository/com/fasterxml/jackson/datatype/jackson-datatype-jsr310/2.9.9/jackson-datatype-jsr310-2.9.9.jar:/Users/pradeeppeiris/.m2/repository/com/fasterxml/jackson/module/jackson-module-parameter-names/2.9.9/jackson-module-parameter-names-2.9.9.jar:/Users/pradeeppeiris/.m2/repository/org/springframework/boot/spring-boot-starter-tomcat/2.1.8.RELEASE/spring-boot-starter-tomcat-2.1.8.RELEASE.jar:/Users/pradeeppeiris/.m2/repository/org/apache/tomcat/embed/tomcat-embed-core/9.0.24/tomcat-embed-core-9.0.24.jar:/Users/pradeeppeiris/.m2/repository/org/apache/tomcat/embed/tomcat-embed-el/9.0.24/tomcat-embed-el-9.0.24.jar:/Users/pradeeppeiris/.m2/repository/org/apache/tomcat/embed/tomcat-embed-websocket/9.0.24/tomcat-embed-websocket-9.0.24.jar:/Users/pradeeppeiris/.m2/repository/org/hibernate/validator/hibernate-validator/6.0.17.Final/hibernate-validator-6.0.17.Final.jar:/Users/pradeeppeiris/.m2/repository/javax/validation/validation-api/2.0.1.Final/validation-api-2.0.1.Final.jar:/Users/pradeeppeiris/.m2/repository/org/jboss/logging/jboss-logging/3.3.3.Final/jboss-logging-3.3.3.Final.jar:/Users/pradeeppeiris/.m2/repository/org/springframework/spring-web/5.1.9.RELEASE/spring-web-5.1.9.RELEASE.jar:/Users/pradeeppeiris/.m2/repository/org/springframework/spring-beans/5.1.9.RELEASE/spring-beans-5.1.9.RELEASE.jar:/Users/pradeeppeiris/.m2/repository/org/springframework/spring-webmvc/5.1.9.RELEASE/spring-webmvc-5.1.9.RELEASE.jar:/Users/pradeeppeiris/.m2/repository/org/springframework/spring-aop/5.1.9.RELEASE/spring-aop-5.1.9.RELEASE.jar:/Users/pradeeppeiris/.m2/repository/org/springframework/spring-context/5.1.9.RELEASE/spring-context-5.1.9.RELEASE.jar:/Users/pradeeppeiris/.m2/repository/org/springframework/spring-expression/5.1.9.RELEASE/spring-expression-5.1.9.RELEASE.jar:/Users/pradeeppeiris/.m2/repository/org/projectlombok/lombok/1.18.8/lombok-1.18.8.jar:/Users/pradeeppeiris/.m2/repository/org/springframework/boot/spring-boot-starter-data-jpa/2.1.8.RELEASE/spring-boot-starter-data-jpa-2.1.8.RELEASE.jar:/Users/pradeeppeiris/.m2/repository/org/springframework/boot/spring-boot-starter-aop/2.1.8.RELEASE/spring-boot-starter-aop-2.1.8.RELEASE.jar:/Users/pradeeppeiris/.m2/repository/org/aspectj/aspectjweaver/1.9.4/aspectjweaver-1.9.4.jar:/Users/pradeeppeiris/.m2/repository/org/springframework/boot/spring-boot-starter-jdbc/2.1.8.RELEASE/spring-boot-starter-jdbc-2.1.8.RELEASE.jar:/Users/pradeeppeiris/.m2/repository/com/zaxxer/HikariCP/3.2.0/HikariCP-3.2.0.jar:/Users/pradeeppeiris/.m2/repository/org/springframework/spring-jdbc/5.1.9.RELEASE/spring-jdbc-5.1.9.RELEASE.jar:/Users/pradeeppeiris/.m2/repository/javax/transaction/javax.transaction-api/1.3/javax.transaction-api-1.3.jar:/Users/pradeeppeiris/.m2/repository/javax/xml/bind/jaxb-api/2.3.1/jaxb-api-2.3.1.jar:/Users/pradeeppeiris/.m2/repository/javax/activation/javax.activation-api/1.2.0/javax.activation-api-1.2.0.jar:/Users/pradeeppeiris/.m2/repository/org/hibernate/hibernate-core/5.3.11.Final/hibernate-core-5.3.11.Final.jar:/Users/pradeeppeiris/.m2/repository/javax/persistence/javax.persistence-api/2.2/javax.persistence-api-2.2.jar:/Users/pradeeppeiris/.m2/repository/org/javassist/javassist/3.23.2-GA/javassist-3.23.2-GA.jar:/Users/pradeeppeiris/.m2/repository/net/bytebuddy/byte-buddy/1.9.16/byte-buddy-1.9.16.jar:/Users/pradeeppeiris/.m2/repository/antlr/antlr/2.7.7/antlr-2.7.7.jar:/Users/pradeeppeiris/.m2/repository/org/jboss/jandex/2.0.5.Final/jandex-2.0.5.Final.jar:/Users/pradeeppeiris/.m2/repository/org/dom4j/dom4j/2.1.1/dom4j-2.1.1.jar:/Users/pradeeppeiris/.m2/repository/org/hibernate/common/hibernate-commons-annotations/5.0.4.Final/hibernate-commons-annotations-5.0.4.Final.jar:/Users/pradeeppeiris/.m2/repository/org/springframework/data/spring-data-jpa/2.1.10.RELEASE/spring-data-jpa-2.1.10.RELEASE.jar:/Users/pradeeppeiris/.m2/repository/org/springframework/data/spring-data-commons/2.1.10.RELEASE/spring-data-commons-2.1.10.RELEASE.jar:/Users/pradeeppeiris/.m2/repository/org/springframework/spring-orm/5.1.9.RELEASE/spring-orm-5.1.9.RELEASE.jar:/Users/pradeeppeiris/.m2/repository/org/springframework/spring-tx/5.1.9.RELEASE/spring-tx-5.1.9.RELEASE.jar:/Users/pradeeppeiris/.m2/repository/org/springframework/spring-aspects/5.1.9.RELEASE/spring-aspects-5.1.9.RELEASE.jar:/Users/pradeeppeiris/.m2/repository/com/h2database/h2/1.4.199/h2-1.4.199.jar:/Users/pradeeppeiris/.m2/repository/org/springframework/boot/spring-boot-starter-amqp/2.1.8.RELEASE/spring-boot-starter-amqp-2.1.8.RELEASE.jar:/Users/pradeeppeiris/.m2/repository/org/springframework/spring-messaging/5.1.9.RELEASE/spring-messaging-5.1.9.RELEASE.jar:/Users/pradeeppeiris/.m2/repository/org/springframework/amqp/spring-rabbit/2.1.8.RELEASE/spring-rabbit-2.1.8.RELEASE.jar:/Users/pradeeppeiris/.m2/repository/org/springframework/amqp/spring-amqp/2.1.8.RELEASE/spring-amqp-2.1.8.RELEASE.jar:/Users/pradeeppeiris/.m2/repository/org/springframework/retry/spring-retry/1.2.4.RELEASE/spring-retry-1.2.4.RELEASE.jar:/Users/pradeeppeiris/.m2/repository/com/rabbitmq/amqp-client/5.4.3/amqp-client-5.4.3.jar:/Users/pradeeppeiris/.m2/repository/io/springfox/springfox-swagger2/2.8.0/springfox-swagger2-2.8.0.jar:/Users/pradeeppeiris/.m2/repository/io/swagger/swagger-annotations/1.5.14/swagger-annotations-1.5.14.jar:/Users/pradeeppeiris/.m2/repository/io/swagger/swagger-models/1.5.14/swagger-models-1.5.14.jar:/Users/pradeeppeiris/.m2/repository/io/springfox/springfox-spi/2.8.0/springfox-spi-2.8.0.jar:/Users/pradeeppeiris/.m2/repository/io/springfox/springfox-core/2.8.0/springfox-core-2.8.0.jar:/Users/pradeeppeiris/.m2/repository/io/springfox/springfox-schema/2.8.0/springfox-schema-2.8.0.jar:/Users/pradeeppeiris/.m2/repository/io/springfox/springfox-swagger-common/2.8.0/springfox-swagger-common-2.8.0.jar:/Users/pradeeppeiris/.m2/repository/io/springfox/springfox-spring-web/2.8.0/springfox-spring-web-2.8.0.jar:/Users/pradeeppeiris/.m2/repository/org/reflections/reflections/0.9.11/reflections-0.9.11.jar:/Users/pradeeppeiris/.m2/repository/com/google/guava/guava/20.0/guava-20.0.jar:/Users/pradeeppeiris/.m2/repository/com/fasterxml/classmate/1.4.0/classmate-1.4.0.jar:/Users/pradeeppeiris/.m2/repository/org/slf4j/slf4j-api/1.7.28/slf4j-api-1.7.28.jar:/Users/pradeeppeiris/.m2/repository/org/springframework/plugin/spring-plugin-core/1.2.0.RELEASE/spring-plugin-core-1.2.0.RELEASE.jar:/Users/pradeeppeiris/.m2/repository/org/springframework/plugin/spring-plugin-metadata/1.2.0.RELEASE/spring-plugin-metadata-1.2.0.RELEASE.jar:/Users/pradeeppeiris/.m2/repository/org/mapstruct/mapstruct/1.2.0.Final/mapstruct-1.2.0.Final.jar:/Users/pradeeppeiris/.m2/repository/io/springfox/springfox-swagger-ui/2.8.0/springfox-swagger-ui-2.8.0.jar:/Users/pradeeppeiris/.m2/repository/org/springframework/boot/spring-boot-starter-hateoas/2.1.8.RELEASE/spring-boot-starter-hateoas-2.1.8.RELEASE.jar:/Users/pradeeppeiris/.m2/repository/org/springframework/hateoas/spring-hateoas/0.25.2.RELEASE/spring-hateoas-0.25.2.RELEASE.jar:/Users/pradeeppeiris/.m2/repository/org/springframework/boot/spring-boot-starter-test/2.1.8.RELEASE/spring-boot-starter-test-2.1.8.RELEASE.jar:/Users/pradeeppeiris/.m2/repository/org/springframework/boot/spring-boot-test/2.1.8.RELEASE/spring-boot-test-2.1.8.RELEASE.jar:/Users/pradeeppeiris/.m2/repository/org/springframework/boot/spring-boot-test-autoconfigure/2.1.8.RELEASE/spring-boot-test-autoconfigure-2.1.8.RELEASE.jar:/Users/pradeeppeiris/.m2/repository/com/jayway/jsonpath/json-path/2.4.0/json-path-2.4.0.jar:/Users/pradeeppeiris/.m2/repository/net/minidev/json-smart/2.3/json-smart-2.3.jar:/Users/pradeeppeiris/.m2/repository/net/minidev/accessors-smart/1.2/accessors-smart-1.2.jar:/Users/pradeeppeiris/.m2/repository/org/ow2/asm/asm/5.0.4/asm-5.0.4.jar:/Users/pradeeppeiris/.m2/repository/org/mockito/mockito-core/2.23.4/mockito-core-2.23.4.jar:/Users/pradeeppeiris/.m2/repository/net/bytebuddy/byte-buddy-agent/1.9.16/byte-buddy-agent-1.9.16.jar:/Users/pradeeppeiris/.m2/repository/org/objenesis/objenesis/2.6/objenesis-2.6.jar:/Users/pradeeppeiris/.m2/repository/org/hamcrest/hamcrest-library/1.3/hamcrest-library-1.3.jar:/Users/pradeeppeiris/.m2/repository/org/skyscreamer/jsonassert/1.5.0/jsonassert-1.5.0.jar:/Users/pradeeppeiris/.m2/repository/com/vaadin/external/google/android-json/0.0.20131108.vaadin1/android-json-0.0.20131108.vaadin1.jar:/Users/pradeeppeiris/.m2/repository/org/springframework/spring-core/5.1.9.RELEASE/spring-core-5.1.9.RELEASE.jar:/Users/pradeeppeiris/.m2/repository/org/springframework/spring-jcl/5.1.9.RELEASE/spring-jcl-5.1.9.RELEASE.jar:/Users/pradeeppeiris/.m2/repository/org/springframework/spring-test/5.1.9.RELEASE/spring-test-5.1.9.RELEASE.jar:/Users/pradeeppeiris/.m2/repository/org/xmlunit/xmlunit-core/2.6.3/xmlunit-core-2.6.3.jar:"/>
    <property name="java.vm.vendor" value="Oracle Corporation"/>
    <property name="sun.arch.data.model" value="64"/>
    <property name="java.vendor.url" value="https://java.oracle.com/"/>
    <property name="os.name" value="Mac OS X"/>
    <property name="java.vm.specification.version" value="12"/>
    <property name="sun.java.launcher" value="SUN_STANDARD"/>
    <property name="user.country" value="SE"/>
    <property name="sun.boot.library.path" value="/Library/Java/JavaVirtualMachines/jdk-12.0.2.jdk/Contents/Home/lib"/>
    <property name="sun.java.command" value="/Users/pradeeppeiris/Dev/SpringBoot/american-orange-cadillac/integration-test/target/surefire/surefirebooter16038682828735036852.jar /Users/pradeeppeiris/Dev/SpringBoot/american-orange-cadillac/integration-test/target/surefire 2019-09-29T23-03-31_987-jvmRun1 surefire11134175781478866114tmp surefire_01783173037280805621tmp"/>
    <property name="http.nonProxyHosts" value="local|*.local|169.254/16|*.169.254/16"/>
    <property name="jdk.debug" value="release"/>
    <property name="surefire.test.class.path" value="/Users/pradeeppeiris/Dev/SpringBoot/american-orange-cadillac/integration-test/target/test-classes:/Users/pradeeppeiris/Dev/SpringBoot/american-orange-cadillac/integration-test/target/classes:/Users/pradeeppeiris/.m2/repository/io/sithroo/aoc/commons/1.0-SNAPSHOT/commons-1.0-SNAPSHOT.jar:/Users/pradeeppeiris/.m2/repository/info/cukes/cucumber-java/1.2.5/cucumber-java-1.2.5.jar:/Users/pradeeppeiris/.m2/repository/info/cukes/cucumber-core/1.2.5/cucumber-core-1.2.5.jar:/Users/pradeeppeiris/.m2/repository/info/cukes/cucumber-html/0.2.3/cucumber-html-0.2.3.jar:/Users/pradeeppeiris/.m2/repository/info/cukes/cucumber-junit/1.2.5/cucumber-junit-1.2.5.jar:/Users/pradeeppeiris/.m2/repository/info/cukes/cucumber-picocontainer/1.2.5/cucumber-picocontainer-1.2.5.jar:/Users/pradeeppeiris/.m2/repository/info/cukes/cucumber-jvm-deps/1.0.5/cucumber-jvm-deps-1.0.5.jar:/Users/pradeeppeiris/.m2/repository/info/cukes/gherkin/2.12.2/gherkin-2.12.2.jar:/Users/pradeeppeiris/.m2/repository/org/picocontainer/picocontainer/2.15/picocontainer-2.15.jar:/Users/pradeeppeiris/.m2/repository/org/apache/httpcomponents/fluent-hc/4.5.3/fluent-hc-4.5.3.jar:/Users/pradeeppeiris/.m2/repository/org/apache/httpcomponents/httpclient/4.5.9/httpclient-4.5.9.jar:/Users/pradeeppeiris/.m2/repository/org/apache/httpcomponents/httpcore/4.4.12/httpcore-4.4.12.jar:/Users/pradeeppeiris/.m2/repository/commons-codec/commons-codec/1.11/commons-codec-1.11.jar:/Users/pradeeppeiris/.m2/repository/commons-logging/commons-logging/1.2/commons-logging-1.2.jar:/Users/pradeeppeiris/.m2/repository/junit/junit/4.12/junit-4.12.jar:/Users/pradeeppeiris/.m2/repository/org/hamcrest/hamcrest-core/1.3/hamcrest-core-1.3.jar:/Users/pradeeppeiris/.m2/repository/org/assertj/assertj-core/3.8.0/assertj-core-3.8.0.jar:/Users/pradeeppeiris/.m2/repository/com/fasterxml/jackson/core/jackson-core/2.8.9/jackson-core-2.8.9.jar:/Users/pradeeppeiris/.m2/repository/com/fasterxml/jackson/core/jackson-annotations/2.8.9/jackson-annotations-2.8.9.jar:/Users/pradeeppeiris/.m2/repository/com/fasterxml/jackson/core/jackson-databind/2.8.9/jackson-databind-2.8.9.jar:/Users/pradeeppeiris/.m2/repository/org/springframework/boot/spring-boot-starter-web/2.1.8.RELEASE/spring-boot-starter-web-2.1.8.RELEASE.jar:/Users/pradeeppeiris/.m2/repository/org/springframework/boot/spring-boot-starter/2.1.8.RELEASE/spring-boot-starter-2.1.8.RELEASE.jar:/Users/pradeeppeiris/.m2/repository/org/springframework/boot/spring-boot/2.1.8.RELEASE/spring-boot-2.1.8.RELEASE.jar:/Users/pradeeppeiris/.m2/repository/org/springframework/boot/spring-boot-autoconfigure/2.1.8.RELEASE/spring-boot-autoconfigure-2.1.8.RELEASE.jar:/Users/pradeeppeiris/.m2/repository/org/springframework/boot/spring-boot-starter-logging/2.1.8.RELEASE/spring-boot-starter-logging-2.1.8.RELEASE.jar:/Users/pradeeppeiris/.m2/repository/ch/qos/logback/logback-classic/1.2.3/logback-classic-1.2.3.jar:/Users/pradeeppeiris/.m2/repository/ch/qos/logback/logback-core/1.2.3/logback-core-1.2.3.jar:/Users/pradeeppeiris/.m2/repository/org/apache/logging/log4j/log4j-to-slf4j/2.11.2/log4j-to-slf4j-2.11.2.jar:/Users/pradeeppeiris/.m2/repository/org/apache/logging/log4j/log4j-api/2.11.2/log4j-api-2.11.2.jar:/Users/pradeeppeiris/.m2/repository/org/slf4j/jul-to-slf4j/1.7.28/jul-to-slf4j-1.7.28.jar:/Users/pradeeppeiris/.m2/repository/javax/annotation/javax.annotation-api/1.3.2/javax.annotation-api-1.3.2.jar:/Users/pradeeppeiris/.m2/repository/org/yaml/snakeyaml/1.23/snakeyaml-1.23.jar:/Users/pradeeppeiris/.m2/repository/org/springframework/boot/spring-boot-starter-json/2.1.8.RELEASE/spring-boot-starter-json-2.1.8.RELEASE.jar:/Users/pradeeppeiris/.m2/repository/com/fasterxml/jackson/datatype/jackson-datatype-jdk8/2.9.9/jackson-datatype-jdk8-2.9.9.jar:/Users/pradeeppeiris/.m2/repository/com/fasterxml/jackson/datatype/jackson-datatype-jsr310/2.9.9/jackson-datatype-jsr310-2.9.9.jar:/Users/pradeeppeiris/.m2/repository/com/fasterxml/jackson/module/jackson-module-parameter-names/2.9.9/jackson-module-parameter-names-2.9.9.jar:/Users/pradeeppeiris/.m2/repository/org/springframework/boot/spring-boot-starter-tomcat/2.1.8.RELEASE/spring-boot-starter-tomcat-2.1.8.RELEASE.jar:/Users/pradeeppeiris/.m2/repository/org/apache/tomcat/embed/tomcat-embed-core/9.0.24/tomcat-embed-core-9.0.24.jar:/Users/pradeeppeiris/.m2/repository/org/apache/tomcat/embed/tomcat-embed-el/9.0.24/tomcat-embed-el-9.0.24.jar:/Users/pradeeppeiris/.m2/repository/org/apache/tomcat/embed/tomcat-embed-websocket/9.0.24/tomcat-embed-websocket-9.0.24.jar:/Users/pradeeppeiris/.m2/repository/org/hibernate/validator/hibernate-validator/6.0.17.Final/hibernate-validator-6.0.17.Final.jar:/Users/pradeeppeiris/.m2/repository/javax/validation/validation-api/2.0.1.Final/validation-api-2.0.1.Final.jar:/Users/pradeeppeiris/.m2/repository/org/jboss/logging/jboss-logging/3.3.3.Final/jboss-logging-3.3.3.Final.jar:/Users/pradeeppeiris/.m2/repository/org/springframework/spring-web/5.1.9.RELEASE/spring-web-5.1.9.RELEASE.jar:/Users/pradeeppeiris/.m2/repository/org/springframework/spring-beans/5.1.9.RELEASE/spring-beans-5.1.9.RELEASE.jar:/Users/pradeeppeiris/.m2/repository/org/springframework/spring-webmvc/5.1.9.RELEASE/spring-webmvc-5.1.9.RELEASE.jar:/Users/pradeeppeiris/.m2/repository/org/springframework/spring-aop/5.1.9.RELEASE/spring-aop-5.1.9.RELEASE.jar:/Users/pradeeppeiris/.m2/repository/org/springframework/spring-context/5.1.9.RELEASE/spring-context-5.1.9.RELEASE.jar:/Users/pradeeppeiris/.m2/repository/org/springframework/spring-expression/5.1.9.RELEASE/spring-expression-5.1.9.RELEASE.jar:/Users/pradeeppeiris/.m2/repository/org/projectlombok/lombok/1.18.8/lombok-1.18.8.jar:/Users/pradeeppeiris/.m2/repository/org/springframework/boot/spring-boot-starter-data-jpa/2.1.8.RELEASE/spring-boot-starter-data-jpa-2.1.8.RELEASE.jar:/Users/pradeeppeiris/.m2/repository/org/springframework/boot/spring-boot-starter-aop/2.1.8.RELEASE/spring-boot-starter-aop-2.1.8.RELEASE.jar:/Users/pradeeppeiris/.m2/repository/org/aspectj/aspectjweaver/1.9.4/aspectjweaver-1.9.4.jar:/Users/pradeeppeiris/.m2/repository/org/springframework/boot/spring-boot-starter-jdbc/2.1.8.RELEASE/spring-boot-starter-jdbc-2.1.8.RELEASE.jar:/Users/pradeeppeiris/.m2/repository/com/zaxxer/HikariCP/3.2.0/HikariCP-3.2.0.jar:/Users/pradeeppeiris/.m2/repository/org/springframework/spring-jdbc/5.1.9.RELEASE/spring-jdbc-5.1.9.RELEASE.jar:/Users/pradeeppeiris/.m2/repository/javax/transaction/javax.transaction-api/1.3/javax.transaction-api-1.3.jar:/Users/pradeeppeiris/.m2/repository/javax/xml/bind/jaxb-api/2.3.1/jaxb-api-2.3.1.jar:/Users/pradeeppeiris/.m2/repository/javax/activation/javax.activation-api/1.2.0/javax.activation-api-1.2.0.jar:/Users/pradeeppeiris/.m2/repository/org/hibernate/hibernate-core/5.3.11.Final/hibernate-core-5.3.11.Final.jar:/Users/pradeeppeiris/.m2/repository/javax/persistence/javax.persistence-api/2.2/javax.persistence-api-2.2.jar:/Users/pradeeppeiris/.m2/repository/org/javassist/javassist/3.23.2-GA/javassist-3.23.2-GA.jar:/Users/pradeeppeiris/.m2/repository/net/bytebuddy/byte-buddy/1.9.16/byte-buddy-1.9.16.jar:/Users/pradeeppeiris/.m2/repository/antlr/antlr/2.7.7/antlr-2.7.7.jar:/Users/pradeeppeiris/.m2/repository/org/jboss/jandex/2.0.5.Final/jandex-2.0.5.Final.jar:/Users/pradeeppeiris/.m2/repository/org/dom4j/dom4j/2.1.1/dom4j-2.1.1.jar:/Users/pradeeppeiris/.m2/repository/org/hibernate/common/hibernate-commons-annotations/5.0.4.Final/hibernate-commons-annotations-5.0.4.Final.jar:/Users/pradeeppeiris/.m2/repository/org/springframework/data/spring-data-jpa/2.1.10.RELEASE/spring-data-jpa-2.1.10.RELEASE.jar:/Users/pradeeppeiris/.m2/repository/org/springframework/data/spring-data-commons/2.1.10.RELEASE/spring-data-commons-2.1.10.RELEASE.jar:/Users/pradeeppeiris/.m2/repository/org/springframework/spring-orm/5.1.9.RELEASE/spring-orm-5.1.9.RELEASE.jar:/Users/pradeeppeiris/.m2/repository/org/springframework/spring-tx/5.1.9.RELEASE/spring-tx-5.1.9.RELEASE.jar:/Users/pradeeppeiris/.m2/repository/org/springframework/spring-aspects/5.1.9.RELEASE/spring-aspects-5.1.9.RELEASE.jar:/Users/pradeeppeiris/.m2/repository/com/h2database/h2/1.4.199/h2-1.4.199.jar:/Users/pradeeppeiris/.m2/repository/org/springframework/boot/spring-boot-starter-amqp/2.1.8.RELEASE/spring-boot-starter-amqp-2.1.8.RELEASE.jar:/Users/pradeeppeiris/.m2/repository/org/springframework/spring-messaging/5.1.9.RELEASE/spring-messaging-5.1.9.RELEASE.jar:/Users/pradeeppeiris/.m2/repository/org/springframework/amqp/spring-rabbit/2.1.8.RELEASE/spring-rabbit-2.1.8.RELEASE.jar:/Users/pradeeppeiris/.m2/repository/org/springframework/amqp/spring-amqp/2.1.8.RELEASE/spring-amqp-2.1.8.RELEASE.jar:/Users/pradeeppeiris/.m2/repository/org/springframework/retry/spring-retry/1.2.4.RELEASE/spring-retry-1.2.4.RELEASE.jar:/Users/pradeeppeiris/.m2/repository/com/rabbitmq/amqp-client/5.4.3/amqp-client-5.4.3.jar:/Users/pradeeppeiris/.m2/repository/io/springfox/springfox-swagger2/2.8.0/springfox-swagger2-2.8.0.jar:/Users/pradeeppeiris/.m2/repository/io/swagger/swagger-annotations/1.5.14/swagger-annotations-1.5.14.jar:/Users/pradeeppeiris/.m2/repository/io/swagger/swagger-models/1.5.14/swagger-models-1.5.14.jar:/Users/pradeeppeiris/.m2/repository/io/springfox/springfox-spi/2.8.0/springfox-spi-2.8.0.jar:/Users/pradeeppeiris/.m2/repository/io/springfox/springfox-core/2.8.0/springfox-core-2.8.0.jar:/Users/pradeeppeiris/.m2/repository/io/springfox/springfox-schema/2.8.0/springfox-schema-2.8.0.jar:/Users/pradeeppeiris/.m2/repository/io/springfox/springfox-swagger-common/2.8.0/springfox-swagger-common-2.8.0.jar:/Users/pradeeppeiris/.m2/repository/io/springfox/springfox-spring-web/2.8.0/springfox-spring-web-2.8.0.jar:/Users/pradeeppeiris/.m2/repository/org/reflections/reflections/0.9.11/reflections-0.9.11.jar:/Users/pradeeppeiris/.m2/repository/com/google/guava/guava/20.0/guava-20.0.jar:/Users/pradeeppeiris/.m2/repository/com/fasterxml/classmate/1.4.0/classmate-1.4.0.jar:/Users/pradeeppeiris/.m2/repository/org/slf4j/slf4j-api/1.7.28/slf4j-api-1.7.28.jar:/Users/pradeeppeiris/.m2/repository/org/springframework/plugin/spring-plugin-core/1.2.0.RELEASE/spring-plugin-core-1.2.0.RELEASE.jar:/Users/pradeeppeiris/.m2/repository/org/springframework/plugin/spring-plugin-metadata/1.2.0.RELEASE/spring-plugin-metadata-1.2.0.RELEASE.jar:/Users/pradeeppeiris/.m2/repository/org/mapstruct/mapstruct/1.2.0.Final/mapstruct-1.2.0.Final.jar:/Users/pradeeppeiris/.m2/repository/io/springfox/springfox-swagger-ui/2.8.0/springfox-swagger-ui-2.8.0.jar:/Users/pradeeppeiris/.m2/repository/org/springframework/boot/spring-boot-starter-hateoas/2.1.8.RELEASE/spring-boot-starter-hateoas-2.1.8.RELEASE.jar:/Users/pradeeppeiris/.m2/repository/org/springframework/hateoas/spring-hateoas/0.25.2.RELEASE/spring-hateoas-0.25.2.RELEASE.jar:/Users/pradeeppeiris/.m2/repository/org/springframework/boot/spring-boot-starter-test/2.1.8.RELEASE/spring-boot-starter-test-2.1.8.RELEASE.jar:/Users/pradeeppeiris/.m2/repository/org/springframework/boot/spring-boot-test/2.1.8.RELEASE/spring-boot-test-2.1.8.RELEASE.jar:/Users/pradeeppeiris/.m2/repository/org/springframework/boot/spring-boot-test-autoconfigure/2.1.8.RELEASE/spring-boot-test-autoconfigure-2.1.8.RELEASE.jar:/Users/pradeeppeiris/.m2/repository/com/jayway/jsonpath/json-path/2.4.0/json-path-2.4.0.jar:/Users/pradeeppeiris/.m2/repository/net/minidev/json-smart/2.3/json-smart-2.3.jar:/Users/pradeeppeiris/.m2/repository/net/minidev/accessors-smart/1.2/accessors-smart-1.2.jar:/Users/pradeeppeiris/.m2/repository/org/ow2/asm/asm/5.0.4/asm-5.0.4.jar:/Users/pradeeppeiris/.m2/repository/org/mockito/mockito-core/2.23.4/mockito-core-2.23.4.jar:/Users/pradeeppeiris/.m2/repository/net/bytebuddy/byte-buddy-agent/1.9.16/byte-buddy-agent-1.9.16.jar:/Users/pradeeppeiris/.m2/repository/org/objenesis/objenesis/2.6/objenesis-2.6.jar:/Users/pradeeppeiris/.m2/repository/org/hamcrest/hamcrest-library/1.3/hamcrest-library-1.3.jar:/Users/pradeeppeiris/.m2/repository/org/skyscreamer/jsonassert/1.5.0/jsonassert-1.5.0.jar:/Users/pradeeppeiris/.m2/repository/com/vaadin/external/google/android-json/0.0.20131108.vaadin1/android-json-0.0.20131108.vaadin1.jar:/Users/pradeeppeiris/.m2/repository/org/springframework/spring-core/5.1.9.RELEASE/spring-core-5.1.9.RELEASE.jar:/Users/pradeeppeiris/.m2/repository/org/springframework/spring-jcl/5.1.9.RELEASE/spring-jcl-5.1.9.RELEASE.jar:/Users/pradeeppeiris/.m2/repository/org/springframework/spring-test/5.1.9.RELEASE/spring-test-5.1.9.RELEASE.jar:/Users/pradeeppeiris/.m2/repository/org/xmlunit/xmlunit-core/2.6.3/xmlunit-core-2.6.3.jar:"/>
    <property name="sun.cpu.endian" value="little"/>
    <property name="user.home" value="/Users/pradeeppeiris"/>
    <property name="user.language" value="en"/>
    <property name="java.specification.vendor" value="Oracle Corporation"/>
    <property name="java.version.date" value="2019-07-16"/>
    <property name="java.home" value="/Library/Java/JavaVirtualMachines/jdk-12.0.2.jdk/Contents/Home"/>
    <property name="file.separator" value="/"/>
    <property name="basedir" value="/Users/pradeeppeiris/Dev/SpringBoot/american-orange-cadillac/integration-test"/>
    <property name="java.vm.compressedOopsMode" value="Zero based"/>
    <property name="line.separator" value="&#10;"/>
    <property name="java.specification.name" value="Java Platform API Specification"/>
    <property name="java.vm.specification.vendor" value="Oracle Corporation"/>
    <property name="java.awt.graphicsenv" value="sun.awt.CGraphicsEnvironment"/>
    <property name="surefire.real.class.path" value="/Users/pradeeppeiris/Dev/SpringBoot/american-orange-cadillac/integration-test/target/surefire/surefirebooter16038682828735036852.jar"/>
    <property name="sun.management.compiler" value="HotSpot 64-Bit Tiered Compilers"/>
    <property name="ftp.nonProxyHosts" value="local|*.local|169.254/16|*.169.254/16"/>
    <property name="java.runtime.version" value="12.0.2+10"/>
    <property name="user.name" value="pradeeppeiris"/>
    <property name="path.separator" value=":"/>
    <property name="os.version" value="10.14.4"/>
    <property name="java.runtime.name" value="Java(TM) SE Runtime Environment"/>
    <property name="file.encoding" value="US-ASCII"/>
    <property name="java.vm.name" value="Java HotSpot(TM) 64-Bit Server VM"/>
    <property name="localRepository" value="/Users/pradeeppeiris/.m2/repository"/>
    <property name="java.vendor.url.bug" value="https://bugreport.java.com/bugreport/"/>
    <property name="java.io.tmpdir" value="/var/folders/pf/5l6d7v5x12s1204jnfm5d6m40000gn/T/"/>
    <property name="java.version" value="12.0.2"/>
    <property name="user.dir" value="/Users/pradeeppeiris/Dev/SpringBoot/american-orange-cadillac/integration-test"/>
    <property name="os.arch" value="x86_64"/>
    <property name="java.vm.specification.name" value="Java Virtual Machine Specification"/>
    <property name="java.library.path" value="/Users/pradeeppeiris/Library/Java/Extensions:/Library/Java/Extensions:/Network/Library/Java/Extensions:/System/Library/Java/Extensions:/usr/lib/java:."/>
    <property name="java.vm.info" value="mixed mode, sharing"/>
    <property name="java.vendor" value="Oracle Corporation"/>
    <property name="java.vm.version" value="12.0.2+10"/>
    <property name="sun.io.unicode.encoding" value="UnicodeBig"/>
    <property name="socksNonProxyHosts" value="local|*.local|169.254/16|*.169.254/16"/>
    <property name="java.class.version" value="56.0"/>
  </properties>
  <testcase name="When the cusotmer sunil_perera creates an account with initial amount 1000.98" classname="Scenario: The customer create an account with an initial amount" time="0"/>
  <testcase name="Then sunil_perera gets created account with one transaction amount 1000.98" classname="Scenario: The customer create an account with an initial amount" time="0"/>
  <testcase name="Scenario: The customer create an account with an initial amount" classname="Scenario: The customer create an account with an initial amount" time="0.001"/>
  <testcase name="When the cusotmer don_lal creates an account with no initial amount" classname="Scenario: The customer create an account with no initial amount" time="0"/>
  <testcase name="Then don_lal gets created account with no transactions" classname="Scenario: The customer create an account with no initial amount" time="0"/>
  <testcase name="Scenario: The customer create an account with no initial amount" classname="Scenario: The customer create an account with no initial amount" time="0"/>
</testsuite>