<?xml version="1.0" encoding="UTF-8" standalone="no"?>
<testsuite failures="0" name="cucumber.runtime.formatter.JUnitFormatter" skipped="0" tests="2" time="1.384381">
    <testcase classname="Existing users can create accounts in the system. When a user" name="The customer create an account with an initial amount" time="1.344529">
        <system-out>
            <![CDATA[When the cusotmer sunil_perera creates an account with initial amount 1000.98.passed
Then sunil_perera gets created account with one transaction amount 1000.98..passed
]]>
        </system-out>
    </testcase>
    <testcase classname="Existing users can create accounts in the system. When a user" name="The customer create an account with no initial amount" time="0.039852">
        <system-out>
            <![CDATA[When the cusotmer don_lal creates an account with no initial amount.........passed
Then don_lal gets created account with no transactions......................passed
]]>
        </system-out>
    </testcase>
</testsuite>
